COMMAND: C:\VCAST\clicast.exe -e CEHCKFUELLEVEL environment script create C:/Demo/Project/Project/build/72611268/CEHCKFUELLEVEL.env
DIRECTORY: C:/Demo/Project/Project/build/72611268
TIME: 2023-07-26 13:20:50
TEST SUITE: VectorCAST_MinGW_C/UnitTest
-----------------------------Process Environment------------------------------
COMSPEC=C:\WINDOWS\system32\cmd.exe
PROGRAMFILES=C:\Program Files
VCAST_MANAGE_PROJECT_DIRECTORY=C:\Demo\Project\Project
DRIVERDATA=C:\Windows\System32\Drivers\DriverData
SYSTEMDRIVE=C:
PROGRAMDATA=C:\ProgramData
ONEDRIVECONSUMER=C:\Users\kimsa\OneDrive
VCAST_SOURCEROOT=C:/Demo/Src
VCV_ENVIRONMENT_DIR=c:\Demo\Project\Project\build\72611268\CEHCKFUELLEVEL
PROGRAMFILES(X86)=C:\Program Files (x86)
COMMONPROGRAMFILES=C:\Program Files\Common Files
VCV_ENVIRONMENT_NAME=CEHCKFUELLEVEL
PROGRAMW6432=C:\Program Files
WINDIR=C:\WINDOWS
ONEDRIVE=C:\Users\kimsa\OneDrive
SYSTEMROOT=C:\WINDOWS
PSMODULEPATH=C:\Program Files\WindowsPowerShell\Modules;C:\WINDOWS\system32\WindowsPowerShell\v1.0\Modules
COMMONPROGRAMFILES(X86)=C:\Program Files (x86)\Common Files
COMMONPROGRAMW6432=C:\Program Files\Common Files
PATH=C:\VCAST\MinGW\bin;C:\VCAST;C:\Program Files\Common Files\Oracle\Java\javapath;C:\WINDOWS\system32;C:\WINDOWS;C:\WINDOWS\System32\Wbem;C:\WINDOWS\System32\WindowsPowerShell\v1.0\;C:\WINDOWS\System32\OpenSSH\;C:\Program Files\Git\cmd;C:\pclp;C:\Users\kimsa\AppData\Local\Microsoft\WindowsApps;C:\pclp;
---------------------------End Process Environment----------------------------
VectorCAST Copyright (C) 1993 - 2023
**Version 23.sp1 (05/21/23)
    Processing options file c:\Demo\Project\Project\build\72611268\CCAST_.CFG
    Opening Environment
    Opening Parameter/Global File
    Opening Types File
    Environment is Open
    Building Script File
    Script Building Completed
COMMAND: C:\VCAST\clicast.exe -e CEHCKFUELLEVEL test script create C:/Demo/Project/Project/build/72611268/CEHCKFUELLEVEL.tst
DIRECTORY: C:/Demo/Project/Project/build/72611268
TIME: 2023-07-26 13:20:51
TEST SUITE: VectorCAST_MinGW_C/UnitTest
-----------------------------Process Environment------------------------------
COMSPEC=C:\WINDOWS\system32\cmd.exe
PROGRAMFILES=C:\Program Files
VCAST_MANAGE_PROJECT_DIRECTORY=C:\Demo\Project\Project
DRIVERDATA=C:\Windows\System32\Drivers\DriverData
SYSTEMDRIVE=C:
PROGRAMDATA=C:\ProgramData
ONEDRIVECONSUMER=C:\Users\kimsa\OneDrive
VCAST_SOURCEROOT=C:/Demo/Src
VCV_ENVIRONMENT_DIR=c:\Demo\Project\Project\build\72611268\CEHCKFUELLEVEL
PROGRAMFILES(X86)=C:\Program Files (x86)
COMMONPROGRAMFILES=C:\Program Files\Common Files
VCV_ENVIRONMENT_NAME=CEHCKFUELLEVEL
PROGRAMW6432=C:\Program Files
WINDIR=C:\WINDOWS
ONEDRIVE=C:\Users\kimsa\OneDrive
SYSTEMROOT=C:\WINDOWS
PSMODULEPATH=C:\Program Files\WindowsPowerShell\Modules;C:\WINDOWS\system32\WindowsPowerShell\v1.0\Modules
COMMONPROGRAMFILES(X86)=C:\Program Files (x86)\Common Files
COMMONPROGRAMW6432=C:\Program Files\Common Files
PATH=C:\VCAST\MinGW\bin;C:\VCAST;C:\Program Files\Common Files\Oracle\Java\javapath;C:\WINDOWS\system32;C:\WINDOWS;C:\WINDOWS\System32\Wbem;C:\WINDOWS\System32\WindowsPowerShell\v1.0\;C:\WINDOWS\System32\OpenSSH\;C:\Program Files\Git\cmd;C:\pclp;C:\Users\kimsa\AppData\Local\Microsoft\WindowsApps;C:\pclp;
---------------------------End Process Environment----------------------------
VectorCAST Copyright (C) 1993 - 2023
**Version 23.sp1 (05/21/23)
    Processing options file c:\Demo\Project\Project\build\72611268\CCAST_.CFG
    Opening Environment
    Opening Parameter/Global File
    Opening Types File
    Environment is Open
    Creating Script File
    Building Test Case Script
    Test Case Script Created
    Script processing completed
